<?xml version="1.0" encoding="UTF-8"?>
<coverage generated="1648924061397" clover="3.2.0">
  <project timestamp="1648924061397" name="All files">
    <metrics statements="13" coveredstatements="13" conditionals="0" coveredconditionals="0" methods="7" coveredmethods="7" elements="20" coveredelements="20" complexity="0" loc="13" ncloc="13" packages="1" files="2" classes="2"/>
    <file name="Employee.js" path="/Users/kelseyalderman/Desktop/team-profile-generator/lib/Employee.js">
      <metrics statements="8" coveredstatements="8" conditionals="0" coveredconditionals="0" methods="5" coveredmethods="5"/>
      <line num="3" count="7" type="stmt"/>
      <line num="4" count="7" type="stmt"/>
      <line num="5" count="7" type="stmt"/>
      <line num="9" count="1" type="stmt"/>
      <line num="13" count="1" type="stmt"/>
      <line num="17" count="1" type="stmt"/>
      <line num="21" count="1" type="stmt"/>
      <line num="25" count="2" type="stmt"/>
    </file>
    <file name="Manager.js" path="/Users/kelseyalderman/Desktop/team-profile-generator/lib/Manager.js">
      <metrics statements="5" coveredstatements="5" conditionals="0" coveredconditionals="0" methods="2" coveredmethods="2"/>
      <line num="1" count="1" type="stmt"/>
      <line num="5" count="2" type="stmt"/>
      <line num="7" count="2" type="stmt"/>
      <line num="11" count="1" type="stmt"/>
      <line num="15" count="1" type="stmt"/>
    </file>
  </project>
</coverage>
